<?xml version="1.0" encoding="UTF-8"?>
<testng-results skipped="0" failed="0" ignored="0" total="20" passed="20">
  <reporter-output>
  </reporter-output>
  <suite name="book-flight-module" duration-ms="70891" started-at="2023-01-26T22:05:46Z" finished-at="2023-01-26T22:06:57Z">
    <groups>
    </groups>
    <test name="book-flight-3" duration-ms="23009" started-at="2023-01-26T22:05:46Z" finished-at="2023-01-26T22:06:09Z">
      <class name="com.newtours.tests.BookFlightsTest">
        <test-method status="PASS" signature="setupDriver(org.testng.ITestContext)[pri:0, instance:com.newtours.tests.BookFlightsTest@86be70a]" name="setupDriver" is-config="true" duration-ms="6209" started-at="2023-01-26T22:05:46Z" finished-at="2023-01-26T22:05:52Z">
          <params>
            <param index="0">
              <value>
                <![CDATA[org.testng.TestRunner@553a3d88]]>
              </value>
            </param>
          </params>
          <reporter-output>
          </reporter-output>
        </test-method> <!-- setupDriver -->
        <test-method status="PASS" signature="setUpParameters(java.lang.String, java.lang.String)[pri:0, instance:com.newtours.tests.BookFlightsTest@86be70a]" name="setUpParameters" is-config="true" duration-ms="1" started-at="2023-01-26T22:05:52Z" depends-on-methods="com.tests.BaseTest.setupDriver" finished-at="2023-01-26T22:05:52Z">
          <params>
            <param index="0">
              <value>
                <![CDATA[3]]>
              </value>
            </param>
            <param index="1">
              <value>
                <![CDATA[$1753 USD]]>
              </value>
            </param>
          </params>
          <reporter-output>
          </reporter-output>
        </test-method> <!-- setUpParameters -->
        <test-method status="PASS" signature="registrationPage()[pri:0, instance:com.newtours.tests.BookFlightsTest@86be70a]" name="registrationPage" duration-ms="13960" started-at="2023-01-26T22:05:52Z" finished-at="2023-01-26T22:06:06Z">
          <reporter-output>
          </reporter-output>
        </test-method> <!-- registrationPage -->
        <test-method status="PASS" signature="registrationConfirmationPage()[pri:0, instance:com.newtours.tests.BookFlightsTest@86be70a]" name="registrationConfirmationPage" duration-ms="188" started-at="2023-01-26T22:06:06Z" depends-on-methods="com.newtours.tests.BookFlightsTest.registrationPage" finished-at="2023-01-26T22:06:06Z">
          <reporter-output>
          </reporter-output>
        </test-method> <!-- registrationConfirmationPage -->
        <test-method status="PASS" signature="FlightsDetailsPage()[pri:0, instance:com.newtours.tests.BookFlightsTest@86be70a]" name="FlightsDetailsPage" duration-ms="1639" started-at="2023-01-26T22:06:06Z" depends-on-methods="com.newtours.tests.BookFlightsTest.registrationConfirmationPage" finished-at="2023-01-26T22:06:08Z">
          <reporter-output>
          </reporter-output>
        </test-method> <!-- FlightsDetailsPage -->
        <test-method status="PASS" signature="findFlightPage()[pri:0, instance:com.newtours.tests.BookFlightsTest@86be70a]" name="findFlightPage" duration-ms="440" started-at="2023-01-26T22:06:08Z" depends-on-methods="com.newtours.tests.BookFlightsTest.FlightsDetailsPage" finished-at="2023-01-26T22:06:08Z">
          <reporter-output>
          </reporter-output>
        </test-method> <!-- findFlightPage -->
        <test-method status="PASS" signature="flightConfirmationPage()[pri:0, instance:com.newtours.tests.BookFlightsTest@86be70a]" name="flightConfirmationPage" duration-ms="420" started-at="2023-01-26T22:06:08Z" depends-on-methods="com.newtours.tests.BookFlightsTest.findFlightPage" finished-at="2023-01-26T22:06:09Z">
          <reporter-output>
          </reporter-output>
        </test-method> <!-- flightConfirmationPage -->
        <test-method status="PASS" signature="quitBrowser()[pri:0, instance:com.newtours.tests.BookFlightsTest@86be70a]" name="quitBrowser" is-config="true" duration-ms="141" started-at="2023-01-26T22:06:09Z" finished-at="2023-01-26T22:06:09Z">
          <reporter-output>
          </reporter-output>
        </test-method> <!-- quitBrowser -->
      </class> <!-- com.newtours.tests.BookFlightsTest -->
    </test> <!-- book-flight-3 -->
    <test name="book-flight-2" duration-ms="37788" started-at="2023-01-26T22:05:46Z" finished-at="2023-01-26T22:06:23Z">
      <class name="com.newtours.tests.BookFlightsTest">
        <test-method status="PASS" signature="setupDriver(org.testng.ITestContext)[pri:0, instance:com.newtours.tests.BookFlightsTest@7a765367]" name="setupDriver" is-config="true" duration-ms="30664" started-at="2023-01-26T22:05:46Z" finished-at="2023-01-26T22:06:16Z">
          <params>
            <param index="0">
              <value>
                <![CDATA[org.testng.TestRunner@33723e30]]>
              </value>
            </param>
          </params>
          <reporter-output>
          </reporter-output>
        </test-method> <!-- setupDriver -->
        <test-method status="PASS" signature="setUpParameters(java.lang.String, java.lang.String)[pri:0, instance:com.newtours.tests.BookFlightsTest@7a765367]" name="setUpParameters" is-config="true" duration-ms="0" started-at="2023-01-26T22:06:16Z" depends-on-methods="com.tests.BaseTest.setupDriver" finished-at="2023-01-26T22:06:16Z">
          <params>
            <param index="0">
              <value>
                <![CDATA[2]]>
              </value>
            </param>
            <param index="1">
              <value>
                <![CDATA[$1169 USD]]>
              </value>
            </param>
          </params>
          <reporter-output>
          </reporter-output>
        </test-method> <!-- setUpParameters -->
        <test-method status="PASS" signature="registrationPage()[pri:0, instance:com.newtours.tests.BookFlightsTest@7a765367]" name="registrationPage" duration-ms="4757" started-at="2023-01-26T22:06:16Z" finished-at="2023-01-26T22:06:21Z">
          <reporter-output>
          </reporter-output>
        </test-method> <!-- registrationPage -->
        <test-method status="PASS" signature="registrationConfirmationPage()[pri:0, instance:com.newtours.tests.BookFlightsTest@7a765367]" name="registrationConfirmationPage" duration-ms="141" started-at="2023-01-26T22:06:21Z" depends-on-methods="com.newtours.tests.BookFlightsTest.registrationPage" finished-at="2023-01-26T22:06:21Z">
          <reporter-output>
          </reporter-output>
        </test-method> <!-- registrationConfirmationPage -->
        <test-method status="PASS" signature="FlightsDetailsPage()[pri:0, instance:com.newtours.tests.BookFlightsTest@7a765367]" name="FlightsDetailsPage" duration-ms="1532" started-at="2023-01-26T22:06:21Z" depends-on-methods="com.newtours.tests.BookFlightsTest.registrationConfirmationPage" finished-at="2023-01-26T22:06:23Z">
          <reporter-output>
          </reporter-output>
        </test-method> <!-- FlightsDetailsPage -->
        <test-method status="PASS" signature="findFlightPage()[pri:0, instance:com.newtours.tests.BookFlightsTest@7a765367]" name="findFlightPage" duration-ms="349" started-at="2023-01-26T22:06:23Z" depends-on-methods="com.newtours.tests.BookFlightsTest.FlightsDetailsPage" finished-at="2023-01-26T22:06:23Z">
          <reporter-output>
          </reporter-output>
        </test-method> <!-- findFlightPage -->
        <test-method status="PASS" signature="flightConfirmationPage()[pri:0, instance:com.newtours.tests.BookFlightsTest@7a765367]" name="flightConfirmationPage" duration-ms="253" started-at="2023-01-26T22:06:23Z" depends-on-methods="com.newtours.tests.BookFlightsTest.findFlightPage" finished-at="2023-01-26T22:06:23Z">
          <reporter-output>
          </reporter-output>
        </test-method> <!-- flightConfirmationPage -->
        <test-method status="PASS" signature="quitBrowser()[pri:0, instance:com.newtours.tests.BookFlightsTest@7a765367]" name="quitBrowser" is-config="true" duration-ms="85" started-at="2023-01-26T22:06:23Z" finished-at="2023-01-26T22:06:23Z">
          <reporter-output>
          </reporter-output>
        </test-method> <!-- quitBrowser -->
      </class> <!-- com.newtours.tests.BookFlightsTest -->
    </test> <!-- book-flight-2 -->
    <test name="book-flight-4" duration-ms="59274" started-at="2023-01-26T22:05:46Z" finished-at="2023-01-26T22:06:45Z">
      <class name="com.newtours.tests.BookFlightsTest">
        <test-method status="PASS" signature="setupDriver(org.testng.ITestContext)[pri:0, instance:com.newtours.tests.BookFlightsTest@2173f6d9]" name="setupDriver" is-config="true" duration-ms="45701" started-at="2023-01-26T22:05:46Z" finished-at="2023-01-26T22:06:31Z">
          <params>
            <param index="0">
              <value>
                <![CDATA[org.testng.TestRunner@7a30d1e6]]>
              </value>
            </param>
          </params>
          <reporter-output>
          </reporter-output>
        </test-method> <!-- setupDriver -->
        <test-method status="PASS" signature="setUpParameters(java.lang.String, java.lang.String)[pri:0, instance:com.newtours.tests.BookFlightsTest@2173f6d9]" name="setUpParameters" is-config="true" duration-ms="1" started-at="2023-01-26T22:06:31Z" depends-on-methods="com.tests.BaseTest.setupDriver" finished-at="2023-01-26T22:06:31Z">
          <params>
            <param index="0">
              <value>
                <![CDATA[4]]>
              </value>
            </param>
            <param index="1">
              <value>
                <![CDATA[$2338 USD]]>
              </value>
            </param>
          </params>
          <reporter-output>
          </reporter-output>
        </test-method> <!-- setUpParameters -->
        <test-method status="PASS" signature="registrationPage()[pri:0, instance:com.newtours.tests.BookFlightsTest@2173f6d9]" name="registrationPage" duration-ms="11134" started-at="2023-01-26T22:06:31Z" finished-at="2023-01-26T22:06:43Z">
          <reporter-output>
          </reporter-output>
        </test-method> <!-- registrationPage -->
        <test-method status="PASS" signature="registrationConfirmationPage()[pri:0, instance:com.newtours.tests.BookFlightsTest@2173f6d9]" name="registrationConfirmationPage" duration-ms="190" started-at="2023-01-26T22:06:43Z" depends-on-methods="com.newtours.tests.BookFlightsTest.registrationPage" finished-at="2023-01-26T22:06:43Z">
          <reporter-output>
          </reporter-output>
        </test-method> <!-- registrationConfirmationPage -->
        <test-method status="PASS" signature="FlightsDetailsPage()[pri:0, instance:com.newtours.tests.BookFlightsTest@2173f6d9]" name="FlightsDetailsPage" duration-ms="1505" started-at="2023-01-26T22:06:43Z" depends-on-methods="com.newtours.tests.BookFlightsTest.registrationConfirmationPage" finished-at="2023-01-26T22:06:44Z">
          <reporter-output>
          </reporter-output>
        </test-method> <!-- FlightsDetailsPage -->
        <test-method status="PASS" signature="findFlightPage()[pri:0, instance:com.newtours.tests.BookFlightsTest@2173f6d9]" name="findFlightPage" duration-ms="303" started-at="2023-01-26T22:06:44Z" depends-on-methods="com.newtours.tests.BookFlightsTest.FlightsDetailsPage" finished-at="2023-01-26T22:06:45Z">
          <reporter-output>
          </reporter-output>
        </test-method> <!-- findFlightPage -->
        <test-method status="PASS" signature="flightConfirmationPage()[pri:0, instance:com.newtours.tests.BookFlightsTest@2173f6d9]" name="flightConfirmationPage" duration-ms="303" started-at="2023-01-26T22:06:45Z" depends-on-methods="com.newtours.tests.BookFlightsTest.findFlightPage" finished-at="2023-01-26T22:06:45Z">
          <reporter-output>
          </reporter-output>
        </test-method> <!-- flightConfirmationPage -->
        <test-method status="PASS" signature="quitBrowser()[pri:0, instance:com.newtours.tests.BookFlightsTest@2173f6d9]" name="quitBrowser" is-config="true" duration-ms="134" started-at="2023-01-26T22:06:45Z" finished-at="2023-01-26T22:06:45Z">
          <reporter-output>
          </reporter-output>
        </test-method> <!-- quitBrowser -->
      </class> <!-- com.newtours.tests.BookFlightsTest -->
    </test> <!-- book-flight-4 -->
    <test name="book-flight-1" duration-ms="70891" started-at="2023-01-26T22:05:46Z" finished-at="2023-01-26T22:06:57Z">
      <class name="com.newtours.tests.BookFlightsTest">
        <test-method status="PASS" signature="setupDriver(org.testng.ITestContext)[pri:0, instance:com.newtours.tests.BookFlightsTest@1786dec2]" name="setupDriver" is-config="true" duration-ms="60724" started-at="2023-01-26T22:05:46Z" finished-at="2023-01-26T22:06:46Z">
          <params>
            <param index="0">
              <value>
                <![CDATA[org.testng.TestRunner@64f6106c]]>
              </value>
            </param>
          </params>
          <reporter-output>
          </reporter-output>
        </test-method> <!-- setupDriver -->
        <test-method status="PASS" signature="setUpParameters(java.lang.String, java.lang.String)[pri:0, instance:com.newtours.tests.BookFlightsTest@1786dec2]" name="setUpParameters" is-config="true" duration-ms="0" started-at="2023-01-26T22:06:46Z" depends-on-methods="com.tests.BaseTest.setupDriver" finished-at="2023-01-26T22:06:46Z">
          <params>
            <param index="0">
              <value>
                <![CDATA[1]]>
              </value>
            </param>
            <param index="1">
              <value>
                <![CDATA[$584 USD]]>
              </value>
            </param>
          </params>
          <reporter-output>
          </reporter-output>
        </test-method> <!-- setUpParameters -->
        <test-method status="PASS" signature="registrationPage()[pri:0, instance:com.newtours.tests.BookFlightsTest@1786dec2]" name="registrationPage" duration-ms="7948" started-at="2023-01-26T22:06:46Z" finished-at="2023-01-26T22:06:54Z">
          <reporter-output>
          </reporter-output>
        </test-method> <!-- registrationPage -->
        <test-method status="PASS" signature="registrationConfirmationPage()[pri:0, instance:com.newtours.tests.BookFlightsTest@1786dec2]" name="registrationConfirmationPage" duration-ms="132" started-at="2023-01-26T22:06:54Z" depends-on-methods="com.newtours.tests.BookFlightsTest.registrationPage" finished-at="2023-01-26T22:06:54Z">
          <reporter-output>
          </reporter-output>
        </test-method> <!-- registrationConfirmationPage -->
        <test-method status="PASS" signature="FlightsDetailsPage()[pri:0, instance:com.newtours.tests.BookFlightsTest@1786dec2]" name="FlightsDetailsPage" duration-ms="1449" started-at="2023-01-26T22:06:54Z" depends-on-methods="com.newtours.tests.BookFlightsTest.registrationConfirmationPage" finished-at="2023-01-26T22:06:56Z">
          <reporter-output>
          </reporter-output>
        </test-method> <!-- FlightsDetailsPage -->
        <test-method status="PASS" signature="findFlightPage()[pri:0, instance:com.newtours.tests.BookFlightsTest@1786dec2]" name="findFlightPage" duration-ms="296" started-at="2023-01-26T22:06:56Z" depends-on-methods="com.newtours.tests.BookFlightsTest.FlightsDetailsPage" finished-at="2023-01-26T22:06:56Z">
          <reporter-output>
          </reporter-output>
        </test-method> <!-- findFlightPage -->
        <test-method status="PASS" signature="flightConfirmationPage()[pri:0, instance:com.newtours.tests.BookFlightsTest@1786dec2]" name="flightConfirmationPage" duration-ms="262" started-at="2023-01-26T22:06:56Z" depends-on-methods="com.newtours.tests.BookFlightsTest.findFlightPage" finished-at="2023-01-26T22:06:57Z">
          <reporter-output>
          </reporter-output>
        </test-method> <!-- flightConfirmationPage -->
        <test-method status="PASS" signature="quitBrowser()[pri:0, instance:com.newtours.tests.BookFlightsTest@1786dec2]" name="quitBrowser" is-config="true" duration-ms="78" started-at="2023-01-26T22:06:57Z" finished-at="2023-01-26T22:06:57Z">
          <reporter-output>
          </reporter-output>
        </test-method> <!-- quitBrowser -->
      </class> <!-- com.newtours.tests.BookFlightsTest -->
    </test> <!-- book-flight-1 -->
  </suite> <!-- book-flight-module -->
</testng-results>
